Determining if the function crc32c_value exists in the crc32c failed with the following output:
Change Dir: /home/vedant/Desktop/new_repo/power-of-d/cmake-build-default/CMakeFiles/CMakeTmp

Run Build Command(s):/usr/bin/make cmTC_07c2f/fast && /usr/bin/make  -f CMakeFiles/cmTC_07c2f.dir/build.make CMakeFiles/cmTC_07c2f.dir/build
make[1]: Entering directory '/home/vedant/Desktop/new_repo/power-of-d/cmake-build-default/CMakeFiles/CMakeTmp'
Building C object CMakeFiles/cmTC_07c2f.dir/CheckFunctionExists.c.o
/usr/bin/cc   -DCHECK_FUNCTION_EXISTS=crc32c_value   -o CMakeFiles/cmTC_07c2f.dir/CheckFunctionExists.c.o   -c /snap/clion/129/bin/cmake/linux/share/cmake-3.17/Modules/CheckFunctionExists.c
Linking C executable cmTC_07c2f
/snap/clion/129/bin/cmake/linux/bin/cmake -E cmake_link_script CMakeFiles/cmTC_07c2f.dir/link.txt --verbose=1
/usr/bin/cc  -DCHECK_FUNCTION_EXISTS=crc32c_value    CMakeFiles/cmTC_07c2f.dir/CheckFunctionExists.c.o  -o cmTC_07c2f  -lcrc32c 
/usr/bin/ld: cannot find -lcrc32c
collect2: error: ld returned 1 exit status
CMakeFiles/cmTC_07c2f.dir/build.make:106: recipe for target 'cmTC_07c2f' failed
make[1]: *** [cmTC_07c2f] Error 1
make[1]: Leaving directory '/home/vedant/Desktop/new_repo/power-of-d/cmake-build-default/CMakeFiles/CMakeTmp'
Makefile:141: recipe for target 'cmTC_07c2f/fast' failed
make: *** [cmTC_07c2f/fast] Error 2



Determining if the function snappy_compress exists in the snappy failed with the following output:
Change Dir: /home/vedant/Desktop/new_repo/power-of-d/cmake-build-default/CMakeFiles/CMakeTmp

Run Build Command(s):/usr/bin/make cmTC_854c8/fast && /usr/bin/make  -f CMakeFiles/cmTC_854c8.dir/build.make CMakeFiles/cmTC_854c8.dir/build
make[1]: Entering directory '/home/vedant/Desktop/new_repo/power-of-d/cmake-build-default/CMakeFiles/CMakeTmp'
Building C object CMakeFiles/cmTC_854c8.dir/CheckFunctionExists.c.o
/usr/bin/cc   -DCHECK_FUNCTION_EXISTS=snappy_compress   -o CMakeFiles/cmTC_854c8.dir/CheckFunctionExists.c.o   -c /snap/clion/129/bin/cmake/linux/share/cmake-3.17/Modules/CheckFunctionExists.c
Linking C executable cmTC_854c8
/snap/clion/129/bin/cmake/linux/bin/cmake -E cmake_link_script CMakeFiles/cmTC_854c8.dir/link.txt --verbose=1
/usr/bin/cc  -DCHECK_FUNCTION_EXISTS=snappy_compress    CMakeFiles/cmTC_854c8.dir/CheckFunctionExists.c.o  -o cmTC_854c8  -lsnappy 
/usr/bin/ld: cannot find -lsnappy
collect2: error: ld returned 1 exit status
CMakeFiles/cmTC_854c8.dir/build.make:106: recipe for target 'cmTC_854c8' failed
make[1]: *** [cmTC_854c8] Error 1
make[1]: Leaving directory '/home/vedant/Desktop/new_repo/power-of-d/cmake-build-default/CMakeFiles/CMakeTmp'
Makefile:141: recipe for target 'cmTC_854c8/fast' failed
make: *** [cmTC_854c8/fast] Error 2



Determining if the function malloc exists in the tcmalloc failed with the following output:
Change Dir: /home/vedant/Desktop/new_repo/power-of-d/cmake-build-default/CMakeFiles/CMakeTmp

Run Build Command(s):/usr/bin/make cmTC_ec4e3/fast && /usr/bin/make  -f CMakeFiles/cmTC_ec4e3.dir/build.make CMakeFiles/cmTC_ec4e3.dir/build
make[1]: Entering directory '/home/vedant/Desktop/new_repo/power-of-d/cmake-build-default/CMakeFiles/CMakeTmp'
Building C object CMakeFiles/cmTC_ec4e3.dir/CheckFunctionExists.c.o
/usr/bin/cc   -DCHECK_FUNCTION_EXISTS=malloc   -o CMakeFiles/cmTC_ec4e3.dir/CheckFunctionExists.c.o   -c /snap/clion/129/bin/cmake/linux/share/cmake-3.17/Modules/CheckFunctionExists.c
<command-line>:0:23: warning: conflicting types for built-in function ‘malloc’ [-Wbuiltin-declaration-mismatch]
/snap/clion/129/bin/cmake/linux/share/cmake-3.17/Modules/CheckFunctionExists.c:7:3: note: in expansion of macro ‘CHECK_FUNCTION_EXISTS’
   CHECK_FUNCTION_EXISTS(void);
   ^~~~~~~~~~~~~~~~~~~~~
Linking C executable cmTC_ec4e3
/snap/clion/129/bin/cmake/linux/bin/cmake -E cmake_link_script CMakeFiles/cmTC_ec4e3.dir/link.txt --verbose=1
/usr/bin/cc  -DCHECK_FUNCTION_EXISTS=malloc    CMakeFiles/cmTC_ec4e3.dir/CheckFunctionExists.c.o  -o cmTC_ec4e3  -ltcmalloc 
/usr/bin/ld: cannot find -ltcmalloc
collect2: error: ld returned 1 exit status
CMakeFiles/cmTC_ec4e3.dir/build.make:106: recipe for target 'cmTC_ec4e3' failed
make[1]: *** [cmTC_ec4e3] Error 1
make[1]: Leaving directory '/home/vedant/Desktop/new_repo/power-of-d/cmake-build-default/CMakeFiles/CMakeTmp'
Makefile:141: recipe for target 'cmTC_ec4e3/fast' failed
make: *** [cmTC_ec4e3/fast] Error 2



Determining if the F_FULLFSYNC exist failed with the following output:
Change Dir: /home/vedant/Desktop/new_repo/power-of-d/cmake-build-default/CMakeFiles/CMakeTmp

Run Build Command(s):/usr/bin/make cmTC_f7c3c/fast && /usr/bin/make  -f CMakeFiles/cmTC_f7c3c.dir/build.make CMakeFiles/cmTC_f7c3c.dir/build
make[1]: Entering directory '/home/vedant/Desktop/new_repo/power-of-d/cmake-build-default/CMakeFiles/CMakeTmp'
Building CXX object CMakeFiles/cmTC_f7c3c.dir/CheckSymbolExists.cxx.o
/usr/bin/c++    -g    -o CMakeFiles/cmTC_f7c3c.dir/CheckSymbolExists.cxx.o -c /home/vedant/Desktop/new_repo/power-of-d/cmake-build-default/CMakeFiles/CMakeTmp/CheckSymbolExists.cxx
/home/vedant/Desktop/new_repo/power-of-d/cmake-build-default/CMakeFiles/CMakeTmp/CheckSymbolExists.cxx: In function ‘int main(int, char**)’:
/home/vedant/Desktop/new_repo/power-of-d/cmake-build-default/CMakeFiles/CMakeTmp/CheckSymbolExists.cxx:8:19: error: ‘F_FULLFSYNC’ was not declared in this scope
   return ((int*)(&F_FULLFSYNC))[argc];
                   ^~~~~~~~~~~
/home/vedant/Desktop/new_repo/power-of-d/cmake-build-default/CMakeFiles/CMakeTmp/CheckSymbolExists.cxx:8:19: note: suggested alternative: ‘O_FSYNC’
   return ((int*)(&F_FULLFSYNC))[argc];
                   ^~~~~~~~~~~
                   O_FSYNC
CMakeFiles/cmTC_f7c3c.dir/build.make:85: recipe for target 'CMakeFiles/cmTC_f7c3c.dir/CheckSymbolExists.cxx.o' failed
make[1]: *** [CMakeFiles/cmTC_f7c3c.dir/CheckSymbolExists.cxx.o] Error 1
make[1]: Leaving directory '/home/vedant/Desktop/new_repo/power-of-d/cmake-build-default/CMakeFiles/CMakeTmp'
Makefile:141: recipe for target 'cmTC_f7c3c/fast' failed
make: *** [cmTC_f7c3c/fast] Error 2


File /home/vedant/Desktop/new_repo/power-of-d/cmake-build-default/CMakeFiles/CMakeTmp/CheckSymbolExists.cxx:
/* */
#include <fcntl.h>

int main(int argc, char** argv)
{
  (void)argv;
#ifndef F_FULLFSYNC
  return ((int*)(&F_FULLFSYNC))[argc];
#else
  (void)argc;
  return 0;
#endif
}
Performing C++ SOURCE FILE Test HAVE_CLANG_THREAD_SAFETY failed with the following output:
Change Dir: /home/vedant/Desktop/new_repo/power-of-d/cmake-build-default/CMakeFiles/CMakeTmp

Run Build Command(s):/usr/bin/make cmTC_f58ed/fast && /usr/bin/make  -f CMakeFiles/cmTC_f58ed.dir/build.make CMakeFiles/cmTC_f58ed.dir/build
make[1]: Entering directory '/home/vedant/Desktop/new_repo/power-of-d/cmake-build-default/CMakeFiles/CMakeTmp'
Building CXX object CMakeFiles/cmTC_f58ed.dir/src.cxx.o
/usr/bin/c++    -g -DHAVE_CLANG_THREAD_SAFETY   -Wthread-safety -o CMakeFiles/cmTC_f58ed.dir/src.cxx.o -c /home/vedant/Desktop/new_repo/power-of-d/cmake-build-default/CMakeFiles/CMakeTmp/src.cxx
c++: error: unrecognized command line option '-Wthread-safety'; did you mean '-fthread-jumps'?
CMakeFiles/cmTC_f58ed.dir/build.make:85: recipe for target 'CMakeFiles/cmTC_f58ed.dir/src.cxx.o' failed
make[1]: *** [CMakeFiles/cmTC_f58ed.dir/src.cxx.o] Error 1
make[1]: Leaving directory '/home/vedant/Desktop/new_repo/power-of-d/cmake-build-default/CMakeFiles/CMakeTmp'
Makefile:141: recipe for target 'cmTC_f58ed/fast' failed
make: *** [cmTC_f58ed/fast] Error 2


Source file was:
int main() { return 0; }
Performing C SOURCE FILE Test CMAKE_HAVE_LIBC_PTHREAD failed with the following output:
Change Dir: /home/vedant/Desktop/new_repo/power-of-d/cmake-build-default/CMakeFiles/CMakeTmp

Run Build Command(s):/usr/bin/make cmTC_9c9b2/fast && /usr/bin/make  -f CMakeFiles/cmTC_9c9b2.dir/build.make CMakeFiles/cmTC_9c9b2.dir/build
make[1]: Entering directory '/home/vedant/Desktop/new_repo/power-of-d/cmake-build-default/CMakeFiles/CMakeTmp'
Building C object CMakeFiles/cmTC_9c9b2.dir/src.c.o
/usr/bin/cc   -DCMAKE_HAVE_LIBC_PTHREAD   -o CMakeFiles/cmTC_9c9b2.dir/src.c.o   -c /home/vedant/Desktop/new_repo/power-of-d/cmake-build-default/CMakeFiles/CMakeTmp/src.c
Linking C executable cmTC_9c9b2
/snap/clion/129/bin/cmake/linux/bin/cmake -E cmake_link_script CMakeFiles/cmTC_9c9b2.dir/link.txt --verbose=1
/usr/bin/cc  -DCMAKE_HAVE_LIBC_PTHREAD    CMakeFiles/cmTC_9c9b2.dir/src.c.o  -o cmTC_9c9b2 
CMakeFiles/cmTC_9c9b2.dir/src.c.o: In function `main':
src.c:(.text+0x3e): undefined reference to `pthread_create'
src.c:(.text+0x4a): undefined reference to `pthread_detach'
src.c:(.text+0x56): undefined reference to `pthread_cancel'
src.c:(.text+0x67): undefined reference to `pthread_join'
src.c:(.text+0x7b): undefined reference to `pthread_atfork'
collect2: error: ld returned 1 exit status
CMakeFiles/cmTC_9c9b2.dir/build.make:106: recipe for target 'cmTC_9c9b2' failed
make[1]: *** [cmTC_9c9b2] Error 1
make[1]: Leaving directory '/home/vedant/Desktop/new_repo/power-of-d/cmake-build-default/CMakeFiles/CMakeTmp'
Makefile:141: recipe for target 'cmTC_9c9b2/fast' failed
make: *** [cmTC_9c9b2/fast] Error 2


Source file was:
#include <pthread.h>

void* test_func(void* data)
{
  return data;
}

int main(void)
{
  pthread_t thread;
  pthread_create(&thread, NULL, test_func, NULL);
  pthread_detach(thread);
  pthread_cancel(thread);
  pthread_join(thread, NULL);
  pthread_atfork(NULL, NULL, NULL);
  pthread_exit(NULL);

  return 0;
}

Determining if the function pthread_create exists in the pthreads failed with the following output:
Change Dir: /home/vedant/Desktop/new_repo/power-of-d/cmake-build-default/CMakeFiles/CMakeTmp

Run Build Command(s):/usr/bin/make cmTC_742d6/fast && /usr/bin/make  -f CMakeFiles/cmTC_742d6.dir/build.make CMakeFiles/cmTC_742d6.dir/build
make[1]: Entering directory '/home/vedant/Desktop/new_repo/power-of-d/cmake-build-default/CMakeFiles/CMakeTmp'
Building C object CMakeFiles/cmTC_742d6.dir/CheckFunctionExists.c.o
/usr/bin/cc   -DCHECK_FUNCTION_EXISTS=pthread_create   -o CMakeFiles/cmTC_742d6.dir/CheckFunctionExists.c.o   -c /snap/clion/129/bin/cmake/linux/share/cmake-3.17/Modules/CheckFunctionExists.c
Linking C executable cmTC_742d6
/snap/clion/129/bin/cmake/linux/bin/cmake -E cmake_link_script CMakeFiles/cmTC_742d6.dir/link.txt --verbose=1
/usr/bin/cc  -DCHECK_FUNCTION_EXISTS=pthread_create    CMakeFiles/cmTC_742d6.dir/CheckFunctionExists.c.o  -o cmTC_742d6  -lpthreads 
/usr/bin/ld: cannot find -lpthreads
collect2: error: ld returned 1 exit status
CMakeFiles/cmTC_742d6.dir/build.make:106: recipe for target 'cmTC_742d6' failed
make[1]: *** [cmTC_742d6] Error 1
make[1]: Leaving directory '/home/vedant/Desktop/new_repo/power-of-d/cmake-build-default/CMakeFiles/CMakeTmp'
Makefile:141: recipe for target 'cmTC_742d6/fast' failed
make: *** [cmTC_742d6/fast] Error 2



